{"/home/rohit/Desktop/Full_Stack_Open/part-4/blog-list/blogList-backend/app.js": {"path":"/home/rohit/Desktop/Full_Stack_Open/part-4/blog-list/blogList-backend/app.js","statementMap":{"0":{"start":{"line":1,"column":15},"end":{"line":1,"column":40}},"1":{"start":{"line":2,"column":16},"end":{"line":2,"column":34}},"2":{"start":{"line":3,"column":12},"end":{"line":3,"column":21}},"3":{"start":{"line":4,"column":13},"end":{"line":4,"column":28}},"4":{"start":{"line":5,"column":20},"end":{"line":5,"column":50}},"5":{"start":{"line":6,"column":20},"end":{"line":6,"column":50}},"6":{"start":{"line":7,"column":20},"end":{"line":7,"column":50}},"7":{"start":{"line":8,"column":19},"end":{"line":8,"column":48}},"8":{"start":{"line":11,"column":15},"end":{"line":11,"column":40}},"9":{"start":{"line":12,"column":17},"end":{"line":12,"column":36}},"10":{"start":{"line":14,"column":0},"end":{"line":14,"column":48}},"11":{"start":{"line":16,"column":0},"end":{"line":22,"column":6}},"12":{"start":{"line":18,"column":8},"end":{"line":18,"column":43}},"13":{"start":{"line":21,"column":8},"end":{"line":21,"column":67}},"14":{"start":{"line":24,"column":0},"end":{"line":24,"column":15}},"15":{"start":{"line":26,"column":0},"end":{"line":26,"column":23}},"16":{"start":{"line":27,"column":0},"end":{"line":27,"column":33}},"17":{"start":{"line":28,"column":0},"end":{"line":28,"column":34}},"18":{"start":{"line":30,"column":0},"end":{"line":30,"column":34}},"19":{"start":{"line":31,"column":0},"end":{"line":31,"column":34}},"20":{"start":{"line":32,"column":0},"end":{"line":32,"column":34}},"21":{"start":{"line":33,"column":0},"end":{"line":33,"column":35}},"22":{"start":{"line":34,"column":0},"end":{"line":34,"column":32}},"23":{"start":{"line":36,"column":0},"end":{"line":36,"column":20}}},"fnMap":{"0":{"name":"(anonymous_0)","decl":{"start":{"line":17,"column":10},"end":{"line":17,"column":11}},"loc":{"start":{"line":17,"column":16},"end":{"line":19,"column":5}},"line":17},"1":{"name":"(anonymous_1)","decl":{"start":{"line":20,"column":11},"end":{"line":20,"column":12}},"loc":{"start":{"line":20,"column":22},"end":{"line":22,"column":5}},"line":20}},"branchMap":{},"s":{"0":2,"1":2,"2":2,"3":2,"4":2,"5":2,"6":2,"7":2,"8":2,"9":2,"10":2,"11":2,"12":2,"13":0,"14":2,"15":2,"16":2,"17":2,"18":2,"19":2,"20":2,"21":2,"22":2,"23":2},"f":{"0":2,"1":0},"b":{},"_coverageSchema":"1a1c01bbd47fc00a2c39e90264f33305004495a9","hash":"c61442e107a90e4000d54e76304b7503ba614bce"}
,"/home/rohit/Desktop/Full_Stack_Open/part-4/blog-list/blogList-backend/controllers/blogs.js": {"path":"/home/rohit/Desktop/Full_Stack_Open/part-4/blog-list/blogList-backend/controllers/blogs.js","statementMap":{"0":{"start":{"line":1,"column":20},"end":{"line":1,"column":47}},"1":{"start":{"line":2,"column":13},"end":{"line":2,"column":38}},"2":{"start":{"line":3,"column":12},"end":{"line":3,"column":35}},"3":{"start":{"line":4,"column":26},"end":{"line":4,"column":56}},"4":{"start":{"line":6,"column":0},"end":{"line":11,"column":2}},"5":{"start":{"line":8,"column":18},"end":{"line":9,"column":60}},"6":{"start":{"line":10,"column":4},"end":{"line":10,"column":24}},"7":{"start":{"line":14,"column":0},"end":{"line":36,"column":2}},"8":{"start":{"line":16,"column":17},"end":{"line":16,"column":29}},"9":{"start":{"line":18,"column":18},"end":{"line":18,"column":36}},"10":{"start":{"line":19,"column":19},"end":{"line":19,"column":38}},"11":{"start":{"line":20,"column":16},"end":{"line":20,"column":32}},"12":{"start":{"line":21,"column":18},"end":{"line":21,"column":75}},"13":{"start":{"line":24,"column":4},"end":{"line":35,"column":5}},"14":{"start":{"line":25,"column":8},"end":{"line":25,"column":50}},"15":{"start":{"line":26,"column":11},"end":{"line":35,"column":5}},"16":{"start":{"line":27,"column":8},"end":{"line":27,"column":48}},"17":{"start":{"line":29,"column":21},"end":{"line":29,"column":75}},"18":{"start":{"line":31,"column":26},"end":{"line":31,"column":43}},"19":{"start":{"line":32,"column":8},"end":{"line":32,"column":53}},"20":{"start":{"line":33,"column":8},"end":{"line":33,"column":25}},"21":{"start":{"line":34,"column":8},"end":{"line":34,"column":44}},"22":{"start":{"line":38,"column":0},"end":{"line":45,"column":2}},"23":{"start":{"line":40,"column":15},"end":{"line":40,"column":32}},"24":{"start":{"line":41,"column":18},"end":{"line":41,"column":36}},"25":{"start":{"line":43,"column":17},"end":{"line":43,"column":75}},"26":{"start":{"line":44,"column":4},"end":{"line":44,"column":23}},"27":{"start":{"line":48,"column":0},"end":{"line":62,"column":2}},"28":{"start":{"line":49,"column":15},"end":{"line":49,"column":32}},"29":{"start":{"line":50,"column":17},"end":{"line":50,"column":29}},"30":{"start":{"line":52,"column":28},"end":{"line":52,"column":51}},"31":{"start":{"line":54,"column":4},"end":{"line":60,"column":5}},"32":{"start":{"line":55,"column":8},"end":{"line":55,"column":61}},"33":{"start":{"line":58,"column":8},"end":{"line":58,"column":40}},"34":{"start":{"line":59,"column":8},"end":{"line":59,"column":34}},"35":{"start":{"line":65,"column":0},"end":{"line":65,"column":28}}},"fnMap":{"0":{"name":"(anonymous_0)","decl":{"start":{"line":6,"column":21},"end":{"line":6,"column":22}},"loc":{"start":{"line":6,"column":50},"end":{"line":11,"column":1}},"line":6},"1":{"name":"(anonymous_1)","decl":{"start":{"line":14,"column":37},"end":{"line":14,"column":38}},"loc":{"start":{"line":14,"column":66},"end":{"line":36,"column":1}},"line":14},"2":{"name":"(anonymous_2)","decl":{"start":{"line":38,"column":24},"end":{"line":38,"column":25}},"loc":{"start":{"line":38,"column":53},"end":{"line":45,"column":1}},"line":38},"3":{"name":"(anonymous_3)","decl":{"start":{"line":48,"column":42},"end":{"line":48,"column":43}},"loc":{"start":{"line":48,"column":71},"end":{"line":62,"column":1}},"line":48}},"branchMap":{"0":{"loc":{"start":{"line":21,"column":18},"end":{"line":21,"column":75}},"type":"cond-expr","locations":[{"start":{"line":21,"column":53},"end":{"line":21,"column":54}},{"start":{"line":21,"column":57},"end":{"line":21,"column":75}}],"line":21},"1":{"loc":{"start":{"line":24,"column":4},"end":{"line":35,"column":5}},"type":"if","locations":[{"start":{"line":24,"column":4},"end":{"line":35,"column":5}},{"start":{"line":24,"column":4},"end":{"line":35,"column":5}}],"line":24},"2":{"loc":{"start":{"line":26,"column":11},"end":{"line":35,"column":5}},"type":"if","locations":[{"start":{"line":26,"column":11},"end":{"line":35,"column":5}},{"start":{"line":26,"column":11},"end":{"line":35,"column":5}}],"line":26},"3":{"loc":{"start":{"line":54,"column":4},"end":{"line":60,"column":5}},"type":"if","locations":[{"start":{"line":54,"column":4},"end":{"line":60,"column":5}},{"start":{"line":54,"column":4},"end":{"line":60,"column":5}}],"line":54}},"s":{"0":2,"1":2,"2":2,"3":2,"4":2,"5":8,"6":8,"7":2,"8":4,"9":4,"10":4,"11":4,"12":4,"13":4,"14":1,"15":3,"16":0,"17":3,"18":3,"19":3,"20":3,"21":3,"22":2,"23":1,"24":1,"25":1,"26":1,"27":2,"28":1,"29":1,"30":1,"31":1,"32":0,"33":1,"34":1,"35":2},"f":{"0":8,"1":4,"2":1,"3":1},"b":{"0":[1,3],"1":[1,3],"2":[0,3],"3":[0,1]},"_coverageSchema":"1a1c01bbd47fc00a2c39e90264f33305004495a9","hash":"954154790602cb90d97533ed7a05685a9f5b7cda"}
,"/home/rohit/Desktop/Full_Stack_Open/part-4/blog-list/blogList-backend/controllers/login.js": {"path":"/home/rohit/Desktop/Full_Stack_Open/part-4/blog-list/blogList-backend/controllers/login.js","statementMap":{"0":{"start":{"line":1,"column":12},"end":{"line":1,"column":35}},"1":{"start":{"line":2,"column":15},"end":{"line":2,"column":32}},"2":{"start":{"line":3,"column":20},"end":{"line":3,"column":47}},"3":{"start":{"line":4,"column":13},"end":{"line":4,"column":38}},"4":{"start":{"line":6,"column":0},"end":{"line":29,"column":2}},"5":{"start":{"line":7,"column":17},"end":{"line":7,"column":29}},"6":{"start":{"line":9,"column":17},"end":{"line":9,"column":64}},"7":{"start":{"line":11,"column":28},"end":{"line":11,"column":106}},"8":{"start":{"line":13,"column":4},"end":{"line":17,"column":5}},"9":{"start":{"line":14,"column":8},"end":{"line":16,"column":10}},"10":{"start":{"line":19,"column":25},"end":{"line":22,"column":5}},"11":{"start":{"line":24,"column":18},"end":{"line":24,"column":60}},"12":{"start":{"line":26,"column":4},"end":{"line":28,"column":66}},"13":{"start":{"line":31,"column":0},"end":{"line":31,"column":28}}},"fnMap":{"0":{"name":"(anonymous_0)","decl":{"start":{"line":6,"column":22},"end":{"line":6,"column":23}},"loc":{"start":{"line":6,"column":51},"end":{"line":29,"column":1}},"line":6}},"branchMap":{"0":{"loc":{"start":{"line":11,"column":28},"end":{"line":11,"column":106}},"type":"cond-expr","locations":[{"start":{"line":11,"column":44},"end":{"line":11,"column":49}},{"start":{"line":11,"column":52},"end":{"line":11,"column":106}}],"line":11},"1":{"loc":{"start":{"line":13,"column":4},"end":{"line":17,"column":5}},"type":"if","locations":[{"start":{"line":13,"column":4},"end":{"line":17,"column":5}},{"start":{"line":13,"column":4},"end":{"line":17,"column":5}}],"line":13},"2":{"loc":{"start":{"line":13,"column":10},"end":{"line":13,"column":33}},"type":"binary-expr","locations":[{"start":{"line":13,"column":10},"end":{"line":13,"column":14}},{"start":{"line":13,"column":18},"end":{"line":13,"column":33}}],"line":13}},"s":{"0":2,"1":2,"2":2,"3":2,"4":2,"5":4,"6":4,"7":4,"8":4,"9":0,"10":4,"11":4,"12":4,"13":2},"f":{"0":4},"b":{"0":[0,4],"1":[0,4],"2":[4,4]},"_coverageSchema":"1a1c01bbd47fc00a2c39e90264f33305004495a9","hash":"3e965e7565e4d5173bb2072b42578e8ec2379414"}
,"/home/rohit/Desktop/Full_Stack_Open/part-4/blog-list/blogList-backend/controllers/users.js": {"path":"/home/rohit/Desktop/Full_Stack_Open/part-4/blog-list/blogList-backend/controllers/users.js","statementMap":{"0":{"start":{"line":1,"column":15},"end":{"line":1,"column":32}},"1":{"start":{"line":2,"column":20},"end":{"line":2,"column":47}},"2":{"start":{"line":3,"column":13},"end":{"line":3,"column":38}},"3":{"start":{"line":5,"column":0},"end":{"line":9,"column":2}},"4":{"start":{"line":6,"column":18},"end":{"line":7,"column":35}},"5":{"start":{"line":8,"column":4},"end":{"line":8,"column":24}},"6":{"start":{"line":11,"column":0},"end":{"line":32,"column":2}},"7":{"start":{"line":12,"column":17},"end":{"line":12,"column":29}},"8":{"start":{"line":14,"column":4},"end":{"line":18,"column":5}},"9":{"start":{"line":15,"column":8},"end":{"line":15,"column":71}},"10":{"start":{"line":16,"column":11},"end":{"line":18,"column":5}},"11":{"start":{"line":17,"column":8},"end":{"line":17,"column":71}},"12":{"start":{"line":20,"column":23},"end":{"line":20,"column":25}},"13":{"start":{"line":21,"column":25},"end":{"line":21,"column":69}},"14":{"start":{"line":23,"column":17},"end":{"line":27,"column":6}},"15":{"start":{"line":29,"column":22},"end":{"line":29,"column":39}},"16":{"start":{"line":31,"column":4},"end":{"line":31,"column":28}},"17":{"start":{"line":34,"column":0},"end":{"line":34,"column":28}}},"fnMap":{"0":{"name":"(anonymous_0)","decl":{"start":{"line":5,"column":21},"end":{"line":5,"column":22}},"loc":{"start":{"line":5,"column":50},"end":{"line":9,"column":1}},"line":5},"1":{"name":"(anonymous_1)","decl":{"start":{"line":11,"column":22},"end":{"line":11,"column":23}},"loc":{"start":{"line":11,"column":51},"end":{"line":32,"column":1}},"line":11}},"branchMap":{"0":{"loc":{"start":{"line":14,"column":4},"end":{"line":18,"column":5}},"type":"if","locations":[{"start":{"line":14,"column":4},"end":{"line":18,"column":5}},{"start":{"line":14,"column":4},"end":{"line":18,"column":5}}],"line":14},"1":{"loc":{"start":{"line":14,"column":8},"end":{"line":14,"column":63}},"type":"binary-expr","locations":[{"start":{"line":14,"column":8},"end":{"line":14,"column":35}},{"start":{"line":14,"column":39},"end":{"line":14,"column":63}}],"line":14},"2":{"loc":{"start":{"line":16,"column":11},"end":{"line":18,"column":5}},"type":"if","locations":[{"start":{"line":16,"column":11},"end":{"line":18,"column":5}},{"start":{"line":16,"column":11},"end":{"line":18,"column":5}}],"line":16},"3":{"loc":{"start":{"line":16,"column":15},"end":{"line":16,"column":70}},"type":"binary-expr","locations":[{"start":{"line":16,"column":15},"end":{"line":16,"column":42}},{"start":{"line":16,"column":46},"end":{"line":16,"column":70}}],"line":16}},"s":{"0":2,"1":2,"2":2,"3":2,"4":2,"5":2,"6":2,"7":5,"8":5,"9":1,"10":4,"11":0,"12":4,"13":4,"14":4,"15":4,"16":4,"17":2},"f":{"0":2,"1":5},"b":{"0":[1,4],"1":[5,4],"2":[0,4],"3":[4,4]},"_coverageSchema":"1a1c01bbd47fc00a2c39e90264f33305004495a9","hash":"41b874c0fa7244ca759466505eb5523a3c2f9522"}
,"/home/rohit/Desktop/Full_Stack_Open/part-4/blog-list/blogList-backend/models/blog.js": {"path":"/home/rohit/Desktop/Full_Stack_Open/part-4/blog-list/blogList-backend/models/blog.js","statementMap":{"0":{"start":{"line":1,"column":17},"end":{"line":1,"column":36}},"1":{"start":{"line":4,"column":19},"end":{"line":13,"column":2}},"2":{"start":{"line":15,"column":0},"end":{"line":21,"column":2}},"3":{"start":{"line":17,"column":8},"end":{"line":17,"column":57}},"4":{"start":{"line":18,"column":8},"end":{"line":18,"column":33}},"5":{"start":{"line":19,"column":8},"end":{"line":19,"column":33}},"6":{"start":{"line":23,"column":0},"end":{"line":23,"column":51}}},"fnMap":{"0":{"name":"(anonymous_0)","decl":{"start":{"line":16,"column":15},"end":{"line":16,"column":16}},"loc":{"start":{"line":16,"column":45},"end":{"line":20,"column":5}},"line":16}},"branchMap":{},"s":{"0":2,"1":2,"2":2,"3":55,"4":55,"5":55,"6":2},"f":{"0":55},"b":{},"_coverageSchema":"1a1c01bbd47fc00a2c39e90264f33305004495a9","hash":"4ce68210d788352a68d6e7b80e15c113462e34d0"}
,"/home/rohit/Desktop/Full_Stack_Open/part-4/blog-list/blogList-backend/models/user.js": {"path":"/home/rohit/Desktop/Full_Stack_Open/part-4/blog-list/blogList-backend/models/user.js","statementMap":{"0":{"start":{"line":1,"column":17},"end":{"line":1,"column":36}},"1":{"start":{"line":2,"column":24},"end":{"line":2,"column":60}},"2":{"start":{"line":4,"column":19},"end":{"line":18,"column":2}},"3":{"start":{"line":20,"column":0},"end":{"line":20,"column":34}},"4":{"start":{"line":22,"column":0},"end":{"line":29,"column":2}},"5":{"start":{"line":24,"column":8},"end":{"line":24,"column":57}},"6":{"start":{"line":25,"column":8},"end":{"line":25,"column":33}},"7":{"start":{"line":26,"column":8},"end":{"line":26,"column":33}},"8":{"start":{"line":27,"column":8},"end":{"line":27,"column":42}},"9":{"start":{"line":31,"column":13},"end":{"line":31,"column":47}},"10":{"start":{"line":33,"column":0},"end":{"line":33,"column":21}}},"fnMap":{"0":{"name":"(anonymous_0)","decl":{"start":{"line":23,"column":15},"end":{"line":23,"column":16}},"loc":{"start":{"line":23,"column":45},"end":{"line":28,"column":5}},"line":23}},"branchMap":{},"s":{"0":2,"1":2,"2":2,"3":2,"4":2,"5":9,"6":9,"7":9,"8":9,"9":2,"10":2},"f":{"0":9},"b":{},"_coverageSchema":"1a1c01bbd47fc00a2c39e90264f33305004495a9","hash":"e94fe64d98888f6a48e679334577b93b03f36255"}
,"/home/rohit/Desktop/Full_Stack_Open/part-4/blog-list/blogList-backend/utils/config.js": {"path":"/home/rohit/Desktop/Full_Stack_Open/part-4/blog-list/blogList-backend/utils/config.js","statementMap":{"0":{"start":{"line":1,"column":0},"end":{"line":1,"column":26}},"1":{"start":{"line":3,"column":13},"end":{"line":3,"column":29}},"2":{"start":{"line":4,"column":20},"end":{"line":4,"column":108}},"3":{"start":{"line":6,"column":0},"end":{"line":9,"column":1}}},"fnMap":{},"branchMap":{"0":{"loc":{"start":{"line":4,"column":20},"end":{"line":4,"column":108}},"type":"cond-expr","locations":[{"start":{"line":4,"column":54},"end":{"line":4,"column":82}},{"start":{"line":4,"column":85},"end":{"line":4,"column":108}}],"line":4}},"s":{"0":2,"1":2,"2":2,"3":2},"f":{},"b":{"0":[2,0]},"_coverageSchema":"1a1c01bbd47fc00a2c39e90264f33305004495a9","hash":"74b887c7720450e200579d51c8ae4f81797156d1"}
,"/home/rohit/Desktop/Full_Stack_Open/part-4/blog-list/blogList-backend/utils/list_helper.js": {"path":"/home/rohit/Desktop/Full_Stack_Open/part-4/blog-list/blogList-backend/utils/list_helper.js","statementMap":{"0":{"start":{"line":1,"column":14},"end":{"line":3,"column":1}},"1":{"start":{"line":2,"column":4},"end":{"line":2,"column":12}},"2":{"start":{"line":5,"column":19},"end":{"line":10,"column":1}},"3":{"start":{"line":6,"column":14},"end":{"line":6,"column":15}},"4":{"start":{"line":7,"column":4},"end":{"line":7,"column":44}},"5":{"start":{"line":7,"column":26},"end":{"line":7,"column":43}},"6":{"start":{"line":9,"column":4},"end":{"line":9,"column":39}},"7":{"start":{"line":12,"column":22},"end":{"line":27,"column":1}},"8":{"start":{"line":14,"column":24},"end":{"line":14,"column":68}},"9":{"start":{"line":14,"column":50},"end":{"line":14,"column":67}},"10":{"start":{"line":16,"column":4},"end":{"line":26,"column":5}},"11":{"start":{"line":19,"column":12},"end":{"line":19,"column":25}},"12":{"start":{"line":20,"column":12},"end":{"line":20,"column":18}},"13":{"start":{"line":22,"column":12},"end":{"line":22,"column":27}},"14":{"start":{"line":23,"column":12},"end":{"line":23,"column":18}},"15":{"start":{"line":25,"column":12},"end":{"line":25,"column":34}},"16":{"start":{"line":29,"column":18},"end":{"line":57,"column":1}},"17":{"start":{"line":31,"column":23},"end":{"line":31,"column":25}},"18":{"start":{"line":33,"column":4},"end":{"line":36,"column":6}},"19":{"start":{"line":34,"column":8},"end":{"line":34,"column":106}},"20":{"start":{"line":38,"column":28},"end":{"line":38,"column":30}},"21":{"start":{"line":40,"column":4},"end":{"line":42,"column":5}},"22":{"start":{"line":40,"column":37},"end":{"line":42,"column":5}},"23":{"start":{"line":44,"column":24},"end":{"line":44,"column":78}},"24":{"start":{"line":44,"column":60},"end":{"line":44,"column":77}},"25":{"start":{"line":46,"column":4},"end":{"line":56,"column":5}},"26":{"start":{"line":49,"column":12},"end":{"line":49,"column":25}},"27":{"start":{"line":50,"column":12},"end":{"line":50,"column":18}},"28":{"start":{"line":52,"column":12},"end":{"line":52,"column":27}},"29":{"start":{"line":53,"column":12},"end":{"line":53,"column":18}},"30":{"start":{"line":55,"column":12},"end":{"line":55,"column":34}},"31":{"start":{"line":60,"column":18},"end":{"line":88,"column":1}},"32":{"start":{"line":62,"column":23},"end":{"line":62,"column":25}},"33":{"start":{"line":64,"column":4},"end":{"line":67,"column":6}},"34":{"start":{"line":65,"column":8},"end":{"line":65,"column":124}},"35":{"start":{"line":69,"column":28},"end":{"line":69,"column":30}},"36":{"start":{"line":71,"column":4},"end":{"line":73,"column":5}},"37":{"start":{"line":71,"column":37},"end":{"line":73,"column":5}},"38":{"start":{"line":75,"column":24},"end":{"line":75,"column":78}},"39":{"start":{"line":75,"column":60},"end":{"line":75,"column":77}},"40":{"start":{"line":77,"column":4},"end":{"line":87,"column":5}},"41":{"start":{"line":80,"column":12},"end":{"line":80,"column":25}},"42":{"start":{"line":81,"column":12},"end":{"line":81,"column":18}},"43":{"start":{"line":83,"column":12},"end":{"line":83,"column":27}},"44":{"start":{"line":84,"column":12},"end":{"line":84,"column":18}},"45":{"start":{"line":86,"column":12},"end":{"line":86,"column":34}},"46":{"start":{"line":90,"column":0},"end":{"line":96,"column":1}}},"fnMap":{"0":{"name":"(anonymous_0)","decl":{"start":{"line":1,"column":14},"end":{"line":1,"column":15}},"loc":{"start":{"line":1,"column":25},"end":{"line":3,"column":1}},"line":1},"1":{"name":"(anonymous_1)","decl":{"start":{"line":5,"column":19},"end":{"line":5,"column":20}},"loc":{"start":{"line":5,"column":30},"end":{"line":10,"column":1}},"line":5},"2":{"name":"(anonymous_2)","decl":{"start":{"line":7,"column":18},"end":{"line":7,"column":19}},"loc":{"start":{"line":7,"column":26},"end":{"line":7,"column":43}},"line":7},"3":{"name":"(anonymous_3)","decl":{"start":{"line":12,"column":22},"end":{"line":12,"column":23}},"loc":{"start":{"line":12,"column":33},"end":{"line":27,"column":1}},"line":12},"4":{"name":"(anonymous_4)","decl":{"start":{"line":14,"column":40},"end":{"line":14,"column":41}},"loc":{"start":{"line":14,"column":50},"end":{"line":14,"column":67}},"line":14},"5":{"name":"(anonymous_5)","decl":{"start":{"line":29,"column":18},"end":{"line":29,"column":19}},"loc":{"start":{"line":29,"column":29},"end":{"line":57,"column":1}},"line":29},"6":{"name":"(anonymous_6)","decl":{"start":{"line":33,"column":18},"end":{"line":33,"column":19}},"loc":{"start":{"line":33,"column":26},"end":{"line":36,"column":5}},"line":33},"7":{"name":"(anonymous_7)","decl":{"start":{"line":44,"column":50},"end":{"line":44,"column":51}},"loc":{"start":{"line":44,"column":60},"end":{"line":44,"column":77}},"line":44},"8":{"name":"(anonymous_8)","decl":{"start":{"line":60,"column":18},"end":{"line":60,"column":19}},"loc":{"start":{"line":60,"column":29},"end":{"line":88,"column":1}},"line":60},"9":{"name":"(anonymous_9)","decl":{"start":{"line":64,"column":18},"end":{"line":64,"column":19}},"loc":{"start":{"line":64,"column":26},"end":{"line":67,"column":5}},"line":64},"10":{"name":"(anonymous_10)","decl":{"start":{"line":75,"column":50},"end":{"line":75,"column":51}},"loc":{"start":{"line":75,"column":60},"end":{"line":75,"column":77}},"line":75}},"branchMap":{"0":{"loc":{"start":{"line":9,"column":11},"end":{"line":9,"column":39}},"type":"cond-expr","locations":[{"start":{"line":9,"column":32},"end":{"line":9,"column":33}},{"start":{"line":9,"column":36},"end":{"line":9,"column":39}}],"line":9},"1":{"loc":{"start":{"line":16,"column":4},"end":{"line":26,"column":5}},"type":"switch","locations":[{"start":{"line":18,"column":8},"end":{"line":20,"column":18}},{"start":{"line":21,"column":8},"end":{"line":23,"column":18}},{"start":{"line":24,"column":8},"end":{"line":25,"column":34}}],"line":16},"2":{"loc":{"start":{"line":34,"column":8},"end":{"line":34,"column":106}},"type":"cond-expr","locations":[{"start":{"line":34,"column":48},"end":{"line":34,"column":75}},{"start":{"line":34,"column":78},"end":{"line":34,"column":106}}],"line":34},"3":{"loc":{"start":{"line":46,"column":4},"end":{"line":56,"column":5}},"type":"switch","locations":[{"start":{"line":48,"column":8},"end":{"line":50,"column":18}},{"start":{"line":51,"column":8},"end":{"line":53,"column":18}},{"start":{"line":54,"column":8},"end":{"line":55,"column":34}}],"line":46},"4":{"loc":{"start":{"line":65,"column":8},"end":{"line":65,"column":124}},"type":"cond-expr","locations":[{"start":{"line":65,"column":48},"end":{"line":65,"column":84}},{"start":{"line":65,"column":87},"end":{"line":65,"column":124}}],"line":65},"5":{"loc":{"start":{"line":77,"column":4},"end":{"line":87,"column":5}},"type":"switch","locations":[{"start":{"line":79,"column":8},"end":{"line":81,"column":18}},{"start":{"line":82,"column":8},"end":{"line":84,"column":18}},{"start":{"line":85,"column":8},"end":{"line":86,"column":34}}],"line":77}},"s":{"0":5,"1":1,"2":5,"3":3,"4":3,"5":7,"6":3,"7":5,"8":3,"9":11,"10":3,"11":1,"12":0,"13":1,"14":0,"15":1,"16":5,"17":3,"18":3,"19":7,"20":3,"21":3,"22":4,"23":3,"24":2,"25":3,"26":1,"27":0,"28":1,"29":0,"30":1,"31":5,"32":3,"33":3,"34":7,"35":3,"36":3,"37":4,"38":3,"39":4,"40":3,"41":1,"42":0,"43":1,"44":0,"45":1,"46":5},"f":{"0":1,"1":3,"2":7,"3":3,"4":11,"5":3,"6":7,"7":2,"8":3,"9":7,"10":4},"b":{"0":[1,2],"1":[1,1,1],"2":[4,3],"3":[1,1,1],"4":[4,3],"5":[1,1,1]},"_coverageSchema":"1a1c01bbd47fc00a2c39e90264f33305004495a9","hash":"08cd9d999cb02d71e4d4a0dfda19f3583d943b21"}
,"/home/rohit/Desktop/Full_Stack_Open/part-4/blog-list/blogList-backend/utils/logger.js": {"path":"/home/rohit/Desktop/Full_Stack_Open/part-4/blog-list/blogList-backend/utils/logger.js","statementMap":{"0":{"start":{"line":1,"column":13},"end":{"line":5,"column":1}},"1":{"start":{"line":2,"column":4},"end":{"line":4,"column":5}},"2":{"start":{"line":3,"column":8},"end":{"line":3,"column":30}},"3":{"start":{"line":7,"column":14},"end":{"line":11,"column":1}},"4":{"start":{"line":8,"column":4},"end":{"line":10,"column":5}},"5":{"start":{"line":9,"column":8},"end":{"line":9,"column":30}},"6":{"start":{"line":13,"column":0},"end":{"line":15,"column":1}}},"fnMap":{"0":{"name":"(anonymous_0)","decl":{"start":{"line":1,"column":13},"end":{"line":1,"column":14}},"loc":{"start":{"line":1,"column":28},"end":{"line":5,"column":1}},"line":1},"1":{"name":"(anonymous_1)","decl":{"start":{"line":7,"column":14},"end":{"line":7,"column":15}},"loc":{"start":{"line":7,"column":29},"end":{"line":11,"column":1}},"line":7}},"branchMap":{"0":{"loc":{"start":{"line":2,"column":4},"end":{"line":4,"column":5}},"type":"if","locations":[{"start":{"line":2,"column":4},"end":{"line":4,"column":5}},{"start":{"line":2,"column":4},"end":{"line":4,"column":5}}],"line":2},"1":{"loc":{"start":{"line":8,"column":4},"end":{"line":10,"column":5}},"type":"if","locations":[{"start":{"line":8,"column":4},"end":{"line":10,"column":5}},{"start":{"line":8,"column":4},"end":{"line":10,"column":5}}],"line":8}},"s":{"0":2,"1":108,"2":0,"3":2,"4":0,"5":0,"6":2},"f":{"0":108,"1":0},"b":{"0":[0,108],"1":[0,0]},"_coverageSchema":"1a1c01bbd47fc00a2c39e90264f33305004495a9","hash":"fd63c7be5c33c8ab7b8cc199d519dda7c8f81171"}
,"/home/rohit/Desktop/Full_Stack_Open/part-4/blog-list/blogList-backend/utils/middleware.js": {"path":"/home/rohit/Desktop/Full_Stack_Open/part-4/blog-list/blogList-backend/utils/middleware.js","statementMap":{"0":{"start":{"line":1,"column":15},"end":{"line":1,"column":34}},"1":{"start":{"line":2,"column":13},"end":{"line":2,"column":38}},"2":{"start":{"line":3,"column":12},"end":{"line":3,"column":35}},"3":{"start":{"line":5,"column":22},"end":{"line":11,"column":1}},"4":{"start":{"line":6,"column":4},"end":{"line":6,"column":42}},"5":{"start":{"line":7,"column":4},"end":{"line":7,"column":39}},"6":{"start":{"line":8,"column":4},"end":{"line":8,"column":39}},"7":{"start":{"line":9,"column":4},"end":{"line":9,"column":22}},"8":{"start":{"line":10,"column":4},"end":{"line":10,"column":10}},"9":{"start":{"line":13,"column":24},"end":{"line":15,"column":1}},"10":{"start":{"line":14,"column":4},"end":{"line":14,"column":60}},"11":{"start":{"line":17,"column":21},"end":{"line":27,"column":1}},"12":{"start":{"line":18,"column":4},"end":{"line":24,"column":5}},"13":{"start":{"line":19,"column":8},"end":{"line":19,"column":70}},"14":{"start":{"line":20,"column":11},"end":{"line":24,"column":5}},"15":{"start":{"line":21,"column":8},"end":{"line":21,"column":66}},"16":{"start":{"line":22,"column":11},"end":{"line":24,"column":5}},"17":{"start":{"line":23,"column":8},"end":{"line":23,"column":68}},"18":{"start":{"line":26,"column":4},"end":{"line":26,"column":15}},"19":{"start":{"line":29,"column":23},"end":{"line":36,"column":1}},"20":{"start":{"line":31,"column":26},"end":{"line":31,"column":54}},"21":{"start":{"line":32,"column":4},"end":{"line":34,"column":5}},"22":{"start":{"line":33,"column":8},"end":{"line":33,"column":50}},"23":{"start":{"line":35,"column":4},"end":{"line":35,"column":10}},"24":{"start":{"line":38,"column":22},"end":{"line":53,"column":1}},"25":{"start":{"line":40,"column":4},"end":{"line":42,"column":5}},"26":{"start":{"line":41,"column":8},"end":{"line":41,"column":79}},"27":{"start":{"line":44,"column":25},"end":{"line":44,"column":70}},"28":{"start":{"line":46,"column":4},"end":{"line":48,"column":5}},"29":{"start":{"line":47,"column":8},"end":{"line":47,"column":79}},"30":{"start":{"line":50,"column":4},"end":{"line":50,"column":55}},"31":{"start":{"line":52,"column":4},"end":{"line":52,"column":10}},"32":{"start":{"line":55,"column":0},"end":{"line":61,"column":1}}},"fnMap":{"0":{"name":"(anonymous_0)","decl":{"start":{"line":5,"column":22},"end":{"line":5,"column":23}},"loc":{"start":{"line":5,"column":51},"end":{"line":11,"column":1}},"line":5},"1":{"name":"(anonymous_1)","decl":{"start":{"line":13,"column":24},"end":{"line":13,"column":25}},"loc":{"start":{"line":13,"column":47},"end":{"line":15,"column":1}},"line":13},"2":{"name":"(anonymous_2)","decl":{"start":{"line":17,"column":21},"end":{"line":17,"column":22}},"loc":{"start":{"line":17,"column":57},"end":{"line":27,"column":1}},"line":17},"3":{"name":"(anonymous_3)","decl":{"start":{"line":29,"column":23},"end":{"line":29,"column":24}},"loc":{"start":{"line":29,"column":52},"end":{"line":36,"column":1}},"line":29},"4":{"name":"(anonymous_4)","decl":{"start":{"line":38,"column":22},"end":{"line":38,"column":23}},"loc":{"start":{"line":38,"column":57},"end":{"line":53,"column":1}},"line":38}},"branchMap":{"0":{"loc":{"start":{"line":18,"column":4},"end":{"line":24,"column":5}},"type":"if","locations":[{"start":{"line":18,"column":4},"end":{"line":24,"column":5}},{"start":{"line":18,"column":4},"end":{"line":24,"column":5}}],"line":18},"1":{"loc":{"start":{"line":20,"column":11},"end":{"line":24,"column":5}},"type":"if","locations":[{"start":{"line":20,"column":11},"end":{"line":24,"column":5}},{"start":{"line":20,"column":11},"end":{"line":24,"column":5}}],"line":20},"2":{"loc":{"start":{"line":22,"column":11},"end":{"line":24,"column":5}},"type":"if","locations":[{"start":{"line":22,"column":11},"end":{"line":24,"column":5}},{"start":{"line":22,"column":11},"end":{"line":24,"column":5}}],"line":22},"3":{"loc":{"start":{"line":32,"column":4},"end":{"line":34,"column":5}},"type":"if","locations":[{"start":{"line":32,"column":4},"end":{"line":34,"column":5}},{"start":{"line":32,"column":4},"end":{"line":34,"column":5}}],"line":32},"4":{"loc":{"start":{"line":32,"column":8},"end":{"line":32,"column":74}},"type":"binary-expr","locations":[{"start":{"line":32,"column":8},"end":{"line":32,"column":21}},{"start":{"line":32,"column":25},"end":{"line":32,"column":74}}],"line":32},"5":{"loc":{"start":{"line":40,"column":4},"end":{"line":42,"column":5}},"type":"if","locations":[{"start":{"line":40,"column":4},"end":{"line":42,"column":5}},{"start":{"line":40,"column":4},"end":{"line":42,"column":5}}],"line":40},"6":{"loc":{"start":{"line":46,"column":4},"end":{"line":48,"column":5}},"type":"if","locations":[{"start":{"line":46,"column":4},"end":{"line":48,"column":5}},{"start":{"line":46,"column":4},"end":{"line":48,"column":5}}],"line":46}},"s":{"0":2,"1":2,"2":2,"3":2,"4":26,"5":26,"6":26,"7":26,"8":26,"9":2,"10":0,"11":2,"12":0,"13":0,"14":0,"15":0,"16":0,"17":0,"18":0,"19":2,"20":26,"21":26,"22":5,"23":26,"24":2,"25":6,"26":1,"27":5,"28":5,"29":0,"30":5,"31":5,"32":2},"f":{"0":26,"1":0,"2":0,"3":26,"4":6},"b":{"0":[0,0],"1":[0,0],"2":[0,0],"3":[5,21],"4":[26,5],"5":[1,5],"6":[0,5]},"_coverageSchema":"1a1c01bbd47fc00a2c39e90264f33305004495a9","hash":"408b6dac093617f145224f110b0a881b6e778104"}
}
