TN:
SF:app.js
FN:17,(anonymous_0)
FN:20,(anonymous_1)
FNF:2
FNH:1
FNDA:2,(anonymous_0)
FNDA:0,(anonymous_1)
DA:1,2
DA:2,2
DA:3,2
DA:4,2
DA:5,2
DA:6,2
DA:7,2
DA:8,2
DA:11,2
DA:12,2
DA:14,2
DA:16,2
DA:18,2
DA:21,0
DA:24,2
DA:26,2
DA:27,2
DA:28,2
DA:30,2
DA:31,2
DA:32,2
DA:33,2
DA:34,2
DA:36,2
LF:24
LH:23
BRF:0
BRH:0
end_of_record
TN:
SF:controllers/blogs.js
FN:6,(anonymous_0)
FN:14,(anonymous_1)
FN:38,(anonymous_2)
FN:48,(anonymous_3)
FNF:4
FNH:4
FNDA:8,(anonymous_0)
FNDA:4,(anonymous_1)
FNDA:1,(anonymous_2)
FNDA:1,(anonymous_3)
DA:1,2
DA:2,2
DA:3,2
DA:4,2
DA:6,2
DA:8,8
DA:10,8
DA:14,2
DA:16,4
DA:18,4
DA:19,4
DA:20,4
DA:21,4
DA:24,4
DA:25,1
DA:26,3
DA:27,0
DA:29,3
DA:31,3
DA:32,3
DA:33,3
DA:34,3
DA:38,2
DA:40,1
DA:41,1
DA:43,1
DA:44,1
DA:48,2
DA:49,1
DA:50,1
DA:52,1
DA:54,1
DA:55,0
DA:58,1
DA:59,1
DA:65,2
LF:36
LH:34
BRDA:21,0,0,1
BRDA:21,0,1,3
BRDA:24,1,0,1
BRDA:24,1,1,3
BRDA:26,2,0,0
BRDA:26,2,1,3
BRDA:54,3,0,0
BRDA:54,3,1,1
BRF:8
BRH:6
end_of_record
TN:
SF:controllers/login.js
FN:6,(anonymous_0)
FNF:1
FNH:1
FNDA:4,(anonymous_0)
DA:1,2
DA:2,2
DA:3,2
DA:4,2
DA:6,2
DA:7,4
DA:9,4
DA:11,4
DA:13,4
DA:14,0
DA:19,4
DA:24,4
DA:26,4
DA:31,2
LF:14
LH:13
BRDA:11,0,0,0
BRDA:11,0,1,4
BRDA:13,1,0,0
BRDA:13,1,1,4
BRDA:13,2,0,4
BRDA:13,2,1,4
BRF:6
BRH:4
end_of_record
TN:
SF:controllers/users.js
FN:5,(anonymous_0)
FN:11,(anonymous_1)
FNF:2
FNH:2
FNDA:2,(anonymous_0)
FNDA:5,(anonymous_1)
DA:1,2
DA:2,2
DA:3,2
DA:5,2
DA:6,2
DA:8,2
DA:11,2
DA:12,5
DA:14,5
DA:15,1
DA:16,4
DA:17,0
DA:20,4
DA:21,4
DA:23,4
DA:29,4
DA:31,4
DA:34,2
LF:18
LH:17
BRDA:14,0,0,1
BRDA:14,0,1,4
BRDA:14,1,0,5
BRDA:14,1,1,4
BRDA:16,2,0,0
BRDA:16,2,1,4
BRDA:16,3,0,4
BRDA:16,3,1,4
BRF:8
BRH:7
end_of_record
TN:
SF:models/blog.js
FN:16,(anonymous_0)
FNF:1
FNH:1
FNDA:55,(anonymous_0)
DA:1,2
DA:4,2
DA:15,2
DA:17,55
DA:18,55
DA:19,55
DA:23,2
LF:7
LH:7
BRF:0
BRH:0
end_of_record
TN:
SF:models/user.js
FN:23,(anonymous_0)
FNF:1
FNH:1
FNDA:9,(anonymous_0)
DA:1,2
DA:2,2
DA:4,2
DA:20,2
DA:22,2
DA:24,9
DA:25,9
DA:26,9
DA:27,9
DA:31,2
DA:33,2
LF:11
LH:11
BRF:0
BRH:0
end_of_record
TN:
SF:utils/config.js
FNF:0
FNH:0
DA:1,2
DA:3,2
DA:4,2
DA:6,2
LF:4
LH:4
BRDA:4,0,0,2
BRDA:4,0,1,0
BRF:2
BRH:1
end_of_record
TN:
SF:utils/list_helper.js
FN:1,(anonymous_0)
FN:5,(anonymous_1)
FN:7,(anonymous_2)
FN:12,(anonymous_3)
FN:14,(anonymous_4)
FN:29,(anonymous_5)
FN:33,(anonymous_6)
FN:44,(anonymous_7)
FN:60,(anonymous_8)
FN:64,(anonymous_9)
FN:75,(anonymous_10)
FNF:11
FNH:11
FNDA:1,(anonymous_0)
FNDA:3,(anonymous_1)
FNDA:7,(anonymous_2)
FNDA:3,(anonymous_3)
FNDA:11,(anonymous_4)
FNDA:3,(anonymous_5)
FNDA:7,(anonymous_6)
FNDA:2,(anonymous_7)
FNDA:3,(anonymous_8)
FNDA:7,(anonymous_9)
FNDA:4,(anonymous_10)
DA:1,5
DA:2,1
DA:5,5
DA:6,3
DA:7,7
DA:9,3
DA:12,5
DA:14,11
DA:16,3
DA:19,1
DA:20,0
DA:22,1
DA:23,0
DA:25,1
DA:29,5
DA:31,3
DA:33,3
DA:34,7
DA:38,3
DA:40,4
DA:44,3
DA:46,3
DA:49,1
DA:50,0
DA:52,1
DA:53,0
DA:55,1
DA:60,5
DA:62,3
DA:64,3
DA:65,7
DA:69,3
DA:71,4
DA:75,4
DA:77,3
DA:80,1
DA:81,0
DA:83,1
DA:84,0
DA:86,1
DA:90,5
LF:41
LH:35
BRDA:9,0,0,1
BRDA:9,0,1,2
BRDA:16,1,0,1
BRDA:16,1,1,1
BRDA:16,1,2,1
BRDA:34,2,0,4
BRDA:34,2,1,3
BRDA:46,3,0,1
BRDA:46,3,1,1
BRDA:46,3,2,1
BRDA:65,4,0,4
BRDA:65,4,1,3
BRDA:77,5,0,1
BRDA:77,5,1,1
BRDA:77,5,2,1
BRF:15
BRH:15
end_of_record
TN:
SF:utils/logger.js
FN:1,(anonymous_0)
FN:7,(anonymous_1)
FNF:2
FNH:1
FNDA:108,(anonymous_0)
FNDA:0,(anonymous_1)
DA:1,2
DA:2,108
DA:3,0
DA:7,2
DA:8,0
DA:9,0
DA:13,2
LF:7
LH:4
BRDA:2,0,0,0
BRDA:2,0,1,108
BRDA:8,1,0,0
BRDA:8,1,1,0
BRF:4
BRH:1
end_of_record
TN:
SF:utils/middleware.js
FN:5,(anonymous_0)
FN:13,(anonymous_1)
FN:17,(anonymous_2)
FN:29,(anonymous_3)
FN:38,(anonymous_4)
FNF:5
FNH:3
FNDA:26,(anonymous_0)
FNDA:0,(anonymous_1)
FNDA:0,(anonymous_2)
FNDA:26,(anonymous_3)
FNDA:6,(anonymous_4)
DA:1,2
DA:2,2
DA:3,2
DA:5,2
DA:6,26
DA:7,26
DA:8,26
DA:9,26
DA:10,26
DA:13,2
DA:14,0
DA:17,2
DA:18,0
DA:19,0
DA:20,0
DA:21,0
DA:22,0
DA:23,0
DA:26,0
DA:29,2
DA:31,26
DA:32,26
DA:33,5
DA:35,26
DA:38,2
DA:40,6
DA:41,1
DA:44,5
DA:46,5
DA:47,0
DA:50,5
DA:52,5
DA:55,2
LF:33
LH:24
BRDA:18,0,0,0
BRDA:18,0,1,0
BRDA:20,1,0,0
BRDA:20,1,1,0
BRDA:22,2,0,0
BRDA:22,2,1,0
BRDA:32,3,0,5
BRDA:32,3,1,21
BRDA:32,4,0,26
BRDA:32,4,1,5
BRDA:40,5,0,1
BRDA:40,5,1,5
BRDA:46,6,0,0
BRDA:46,6,1,5
BRF:14
BRH:7
end_of_record
